<?xml version="1.0" encoding="UTF-8"?>
<testng-results ignored="0" total="2" passed="2" failed="0" skipped="0">
  <reporter-output>
  </reporter-output>
  <suite started-at="2025-10-29T12:48:50 IST" name="MasterSuite" finished-at="2025-10-29T12:49:01 IST" duration-ms="11497">
    <groups>
      <group name="Master">
        <method signature="TC001_AccountRegistrationTest.registerUser()[pri:0, instance:testCases.TC001_AccountRegistrationTest@662706a7]" name="registerUser" class="testCases.TC001_AccountRegistrationTest"/>
        <method signature="TC002_LoginTest.verifyLogin()[pri:0, instance:testCases.TC002_LoginTest@c7045b9]" name="verifyLogin" class="testCases.TC002_LoginTest"/>
      </group> <!-- Master -->
      <group name="Sanity">
        <method signature="TC002_LoginTest.verifyLogin()[pri:0, instance:testCases.TC002_LoginTest@c7045b9]" name="verifyLogin" class="testCases.TC002_LoginTest"/>
      </group> <!-- Sanity -->
      <group name="Regression">
        <method signature="TC001_AccountRegistrationTest.registerUser()[pri:0, instance:testCases.TC001_AccountRegistrationTest@662706a7]" name="registerUser" class="testCases.TC001_AccountRegistrationTest"/>
      </group> <!-- Regression -->
    </groups>
    <test started-at="2025-10-29T12:48:50 IST" name="Test" finished-at="2025-10-29T12:49:01 IST" duration-ms="11497">
      <class name="testCases.TC002_LoginTest">
        <test-method is-config="true" signature="setupApp(java.lang.String,java.lang.String)[pri:0, instance:testCases.TC002_LoginTest@c7045b9]" started-at="2025-10-29T12:48:56 IST" name="setupApp" finished-at="2025-10-29T12:48:58 IST" duration-ms="1645" status="PASS">
          <params>
            <param index="0">
              <value>
                <![CDATA[Windows]]>
              </value>
            </param>
            <param index="1">
              <value>
                <![CDATA[chrome]]>
              </value>
            </param>
          </params>
          <reporter-output>
          </reporter-output>
        </test-method> <!-- setupApp -->
        <test-method signature="verifyLogin()[pri:0, instance:testCases.TC002_LoginTest@c7045b9]" started-at="2025-10-29T12:48:58 IST" name="verifyLogin" finished-at="2025-10-29T12:48:59 IST" duration-ms="1375" status="PASS">
          <reporter-output>
          </reporter-output>
        </test-method> <!-- verifyLogin -->
        <test-method is-config="true" signature="tearDown()[pri:0, instance:testCases.TC002_LoginTest@c7045b9]" started-at="2025-10-29T12:48:59 IST" name="tearDown" finished-at="2025-10-29T12:49:01 IST" duration-ms="2156" status="PASS">
          <reporter-output>
          </reporter-output>
        </test-method> <!-- tearDown -->
      </class> <!-- testCases.TC002_LoginTest -->
      <class name="testCases.TC001_AccountRegistrationTest">
        <test-method is-config="true" signature="setupApp(java.lang.String,java.lang.String)[pri:0, instance:testCases.TC001_AccountRegistrationTest@662706a7]" started-at="2025-10-29T12:48:50 IST" name="setupApp" finished-at="2025-10-29T12:48:52 IST" duration-ms="2184" status="PASS">
          <params>
            <param index="0">
              <value>
                <![CDATA[Windows]]>
              </value>
            </param>
            <param index="1">
              <value>
                <![CDATA[chrome]]>
              </value>
            </param>
          </params>
          <reporter-output>
          </reporter-output>
        </test-method> <!-- setupApp -->
        <test-method signature="registerUser()[pri:0, instance:testCases.TC001_AccountRegistrationTest@662706a7]" started-at="2025-10-29T12:48:52 IST" name="registerUser" finished-at="2025-10-29T12:48:54 IST" duration-ms="1816" status="PASS">
          <reporter-output>
          </reporter-output>
        </test-method> <!-- registerUser -->
        <test-method is-config="true" signature="tearDown()[pri:0, instance:testCases.TC001_AccountRegistrationTest@662706a7]" started-at="2025-10-29T12:48:54 IST" name="tearDown" finished-at="2025-10-29T12:48:56 IST" duration-ms="2167" status="PASS">
          <reporter-output>
          </reporter-output>
        </test-method> <!-- tearDown -->
      </class> <!-- testCases.TC001_AccountRegistrationTest -->
    </test> <!-- Test -->
  </suite> <!-- MasterSuite -->
</testng-results>
